<?xml version="1.0" encoding="UTF-8"?>
<!-- Generated by org.testng.reporters.JUnitReportReporter -->
<testsuite hostname="P2ELT33" failures="0" tests="1" name="utlis.VerifyingTags" time="31.332" errors="0" timestamp="13 Nov 2024 05:31:32 GMT" skipped="0">
  <testcase classname="utlis.VerifyingTags" name="wion" time="31.332"/>
</testsuite> <!-- utlis.VerifyingTags -->
