<?xml version="1.0" encoding="UTF-8"?>
<!-- Generated by org.testng.reporters.JUnitReportReporter -->
<testsuite hostname="P2ELT33" failures="0" tests="1" name="ExtentReport_TestNG" time="2.290" errors="0" timestamp="14 Sept 2024 10:38:00 GMT" skipped="0">
  <testcase classname="ExtentReport_TestNG" name="test" time="2.290"/>
</testsuite> <!-- ExtentReport_TestNG -->
